2020-07-03 00:06:50,111 [main] INFO  [com.tcaini.cardio.redis.RedisTest] StartupInfoLogger.java:55 - Starting RedisTest on LAPTOP-Q31GNE6R with PID 976 (started by 16541 in D:\data\IdeaProjects\cardio)
2020-07-03 00:06:50,111 [main] INFO  [com.tcaini.cardio.redis.RedisTest] SpringApplication.java:655 - The following profiles are active: dev
2020-07-03 00:06:51,220 [main] INFO  [o.s.d.r.config.RepositoryConfigurationDelegate] RepositoryConfigurationDelegate.java:249 - Multiple Spring Data modules found, entering strict repository configuration mode!
2020-07-03 00:06:51,220 [main] INFO  [o.s.d.r.config.RepositoryConfigurationDelegate] RepositoryConfigurationDelegate.java:127 - Bootstrapping Spring Data JPA repositories in DEFERRED mode.
2020-07-03 00:06:51,407 [main] INFO  [o.s.d.r.config.RepositoryConfigurationDelegate] RepositoryConfigurationDelegate.java:187 - Finished Spring Data repository scanning in 167ms. Found 2 JPA repository interfaces.
2020-07-03 00:06:51,407 [main] INFO  [o.s.d.r.config.RepositoryConfigurationDelegate] RepositoryConfigurationDelegate.java:249 - Multiple Spring Data modules found, entering strict repository configuration mode!
2020-07-03 00:06:51,423 [main] INFO  [o.s.d.r.config.RepositoryConfigurationDelegate] RepositoryConfigurationDelegate.java:127 - Bootstrapping Spring Data Redis repositories in DEFAULT mode.
2020-07-03 00:06:51,438 [main] INFO  [o.s.d.r.c.RepositoryConfigurationExtensionSupport] RepositoryConfigurationExtensionSupport.java:348 - Spring Data Redis - Could not safely identify store assignment for repository candidate interface com.tcaini.cardio.jpa.repository.DepartmentDao. If you want this repository to be a Redis repository, consider annotating your entities with one of these annotations: org.springframework.data.redis.core.RedisHash (preferred), or consider extending one of the following types with your repository: org.springframework.data.keyvalue.repository.KeyValueRepository.
2020-07-03 00:06:51,438 [main] INFO  [o.s.d.r.c.RepositoryConfigurationExtensionSupport] RepositoryConfigurationExtensionSupport.java:348 - Spring Data Redis - Could not safely identify store assignment for repository candidate interface com.tcaini.cardio.jpa.repository.UserDao. If you want this repository to be a Redis repository, consider annotating your entities with one of these annotations: org.springframework.data.redis.core.RedisHash (preferred), or consider extending one of the following types with your repository: org.springframework.data.keyvalue.repository.KeyValueRepository.
2020-07-03 00:06:51,438 [main] INFO  [o.s.d.r.config.RepositoryConfigurationDelegate] RepositoryConfigurationDelegate.java:187 - Finished Spring Data repository scanning in 11ms. Found 0 Redis repository interfaces.
2020-07-03 00:06:52,423 [main] INFO  [o.s.scheduling.concurrent.ThreadPoolTaskExecutor] ExecutorConfigurationSupport.java:181 - Initializing ExecutorService 'applicationTaskExecutor'
2020-07-03 00:06:52,501 [task-1] INFO  [org.hibernate.jpa.internal.util.LogHelper] LogHelper.java:31 - HHH000204: Processing PersistenceUnitInfo [name: default]
2020-07-03 00:06:52,594 [task-1] INFO  [org.hibernate.Version] Version.java:44 - HHH000412: Hibernate ORM core version 5.4.17.Final
2020-07-03 00:06:52,860 [task-1] INFO  [org.hibernate.annotations.common.Version] JavaReflectionManager.java:49 - HCANN000001: Hibernate Commons Annotations {5.1.0.Final}
2020-07-03 00:06:53,782 [task-1] INFO  [com.alibaba.druid.pool.DruidDataSource] DruidDataSource.java:928 - {dataSource-1} inited
2020-07-03 00:06:53,844 [task-1] INFO  [org.hibernate.dialect.Dialect] Dialect.java:172 - HHH000400: Using dialect: org.hibernate.dialect.MySQL8Dialect
2020-07-03 00:06:55,594 [task-1] INFO  [o.h.e.t.jta.platform.internal.JtaPlatformInitiator] JtaPlatformInitiator.java:52 - HHH000490: Using JtaPlatform implementation: [org.hibernate.engine.transaction.jta.platform.internal.NoJtaPlatform]
2020-07-03 00:06:55,609 [task-1] INFO  [o.s.orm.jpa.LocalContainerEntityManagerFactoryBean] AbstractEntityManagerFactoryBean.java:416 - Initialized JPA EntityManagerFactory for persistence unit 'default'
2020-07-03 00:06:55,859 [main] INFO  [o.s.b.actuate.endpoint.web.EndpointLinksResolver] EndpointLinksResolver.java:58 - Exposing 2 endpoint(s) beneath base path '/actuator'
2020-07-03 00:06:55,922 [main] INFO  [o.s.d.r.c.DeferredRepositoryInitializationListener] DeferredRepositoryInitializationListener.java:49 - Triggering deferred initialization of Spring Data repositories…
2020-07-03 00:06:56,406 [main] INFO  [o.s.d.r.c.DeferredRepositoryInitializationListener] DeferredRepositoryInitializationListener.java:53 - Spring Data repositories initialized!
2020-07-03 00:06:56,406 [main] INFO  [com.tcaini.cardio.redis.RedisTest] StartupInfoLogger.java:61 - Started RedisTest in 6.857 seconds (JVM running for 9.04)
2020-07-03 00:06:57,281 [main] INFO  [com.tcaini.cardio.redis.RedisTest] RedisTest.java:33 - 【user1】=User(id=1, name=user1)
2020-07-03 00:06:57,281 [main] INFO  [com.tcaini.cardio.redis.RedisTest] RedisTest.java:36 - 【user2】=User(id=1, name=user1)
2020-07-03 00:06:57,531 [SpringContextShutdownHook] INFO  [o.s.orm.jpa.LocalContainerEntityManagerFactoryBean] AbstractEntityManagerFactoryBean.java:598 - Closing JPA EntityManagerFactory for persistence unit 'default'
2020-07-03 00:06:57,531 [SpringContextShutdownHook] INFO  [o.s.scheduling.concurrent.ThreadPoolTaskExecutor] ExecutorConfigurationSupport.java:218 - Shutting down ExecutorService 'applicationTaskExecutor'
2020-07-03 00:06:57,546 [SpringContextShutdownHook] INFO  [com.alibaba.druid.pool.DruidDataSource] DruidDataSource.java:1823 - {dataSource-1} closed
2020-07-03 00:25:52,297 [main] INFO  [com.tcaini.cardio.redis.RedisTest] StartupInfoLogger.java:55 - Starting RedisTest on LAPTOP-Q31GNE6R with PID 7280 (started by 16541 in D:\data\IdeaProjects\cardio)
2020-07-03 00:25:52,297 [main] INFO  [com.tcaini.cardio.redis.RedisTest] SpringApplication.java:655 - The following profiles are active: dev
2020-07-03 00:25:53,410 [main] INFO  [o.s.d.r.config.RepositoryConfigurationDelegate] RepositoryConfigurationDelegate.java:249 - Multiple Spring Data modules found, entering strict repository configuration mode!
2020-07-03 00:25:53,410 [main] INFO  [o.s.d.r.config.RepositoryConfigurationDelegate] RepositoryConfigurationDelegate.java:127 - Bootstrapping Spring Data JPA repositories in DEFERRED mode.
2020-07-03 00:25:53,551 [main] INFO  [o.s.d.r.config.RepositoryConfigurationDelegate] RepositoryConfigurationDelegate.java:187 - Finished Spring Data repository scanning in 135ms. Found 2 JPA repository interfaces.
2020-07-03 00:25:53,566 [main] INFO  [o.s.d.r.config.RepositoryConfigurationDelegate] RepositoryConfigurationDelegate.java:249 - Multiple Spring Data modules found, entering strict repository configuration mode!
2020-07-03 00:25:53,568 [main] INFO  [o.s.d.r.config.RepositoryConfigurationDelegate] RepositoryConfigurationDelegate.java:127 - Bootstrapping Spring Data Redis repositories in DEFAULT mode.
2020-07-03 00:25:53,568 [main] INFO  [o.s.d.r.c.RepositoryConfigurationExtensionSupport] RepositoryConfigurationExtensionSupport.java:348 - Spring Data Redis - Could not safely identify store assignment for repository candidate interface com.tcaini.cardio.jpa.repository.DepartmentDao. If you want this repository to be a Redis repository, consider annotating your entities with one of these annotations: org.springframework.data.redis.core.RedisHash (preferred), or consider extending one of the following types with your repository: org.springframework.data.keyvalue.repository.KeyValueRepository.
2020-07-03 00:25:53,583 [main] INFO  [o.s.d.r.c.RepositoryConfigurationExtensionSupport] RepositoryConfigurationExtensionSupport.java:348 - Spring Data Redis - Could not safely identify store assignment for repository candidate interface com.tcaini.cardio.jpa.repository.UserDao. If you want this repository to be a Redis repository, consider annotating your entities with one of these annotations: org.springframework.data.redis.core.RedisHash (preferred), or consider extending one of the following types with your repository: org.springframework.data.keyvalue.repository.KeyValueRepository.
2020-07-03 00:25:53,583 [main] INFO  [o.s.d.r.config.RepositoryConfigurationDelegate] RepositoryConfigurationDelegate.java:187 - Finished Spring Data repository scanning in 9ms. Found 0 Redis repository interfaces.
2020-07-03 00:25:54,479 [main] INFO  [o.s.scheduling.concurrent.ThreadPoolTaskExecutor] ExecutorConfigurationSupport.java:181 - Initializing ExecutorService 'applicationTaskExecutor'
2020-07-03 00:25:54,557 [task-1] INFO  [org.hibernate.jpa.internal.util.LogHelper] LogHelper.java:31 - HHH000204: Processing PersistenceUnitInfo [name: default]
2020-07-03 00:25:54,619 [task-1] INFO  [org.hibernate.Version] Version.java:44 - HHH000412: Hibernate ORM core version 5.4.17.Final
2020-07-03 00:25:54,833 [task-1] INFO  [org.hibernate.annotations.common.Version] JavaReflectionManager.java:49 - HCANN000001: Hibernate Commons Annotations {5.1.0.Final}
2020-07-03 00:25:55,716 [task-1] INFO  [com.alibaba.druid.pool.DruidDataSource] DruidDataSource.java:928 - {dataSource-1} inited
2020-07-03 00:25:55,763 [task-1] INFO  [org.hibernate.dialect.Dialect] Dialect.java:172 - HHH000400: Using dialect: org.hibernate.dialect.MySQL8Dialect
2020-07-03 00:25:57,331 [task-1] INFO  [o.h.e.t.jta.platform.internal.JtaPlatformInitiator] JtaPlatformInitiator.java:52 - HHH000490: Using JtaPlatform implementation: [org.hibernate.engine.transaction.jta.platform.internal.NoJtaPlatform]
2020-07-03 00:25:57,347 [task-1] INFO  [o.s.orm.jpa.LocalContainerEntityManagerFactoryBean] AbstractEntityManagerFactoryBean.java:416 - Initialized JPA EntityManagerFactory for persistence unit 'default'
2020-07-03 00:25:57,597 [main] INFO  [o.s.b.actuate.endpoint.web.EndpointLinksResolver] EndpointLinksResolver.java:58 - Exposing 2 endpoint(s) beneath base path '/actuator'
2020-07-03 00:25:57,643 [main] INFO  [o.s.d.r.c.DeferredRepositoryInitializationListener] DeferredRepositoryInitializationListener.java:49 - Triggering deferred initialization of Spring Data repositories…
2020-07-03 00:25:58,046 [main] INFO  [o.s.d.r.c.DeferredRepositoryInitializationListener] DeferredRepositoryInitializationListener.java:53 - Spring Data repositories initialized!
2020-07-03 00:25:58,061 [main] INFO  [com.tcaini.cardio.redis.RedisTest] StartupInfoLogger.java:61 - Started RedisTest in 6.366 seconds (JVM running for 7.894)
2020-07-03 00:25:58,863 [main] INFO  [com.tcaini.cardio.redis.RedisTest] RedisTest.java:33 - 【user1】=User(id=1, name=user1)
2020-07-03 00:25:58,879 [main] INFO  [com.tcaini.cardio.redis.RedisTest] RedisTest.java:36 - 【user2】=User(id=1, name=user1)
2020-07-03 00:25:59,129 [SpringContextShutdownHook] INFO  [o.s.orm.jpa.LocalContainerEntityManagerFactoryBean] AbstractEntityManagerFactoryBean.java:598 - Closing JPA EntityManagerFactory for persistence unit 'default'
2020-07-03 00:25:59,129 [SpringContextShutdownHook] INFO  [o.s.scheduling.concurrent.ThreadPoolTaskExecutor] ExecutorConfigurationSupport.java:218 - Shutting down ExecutorService 'applicationTaskExecutor'
2020-07-03 00:25:59,160 [SpringContextShutdownHook] INFO  [com.alibaba.druid.pool.DruidDataSource] DruidDataSource.java:1823 - {dataSource-1} closed
